{"/Users/alierdogan/denem_projeler/Cafe_odeme/src/algorithms/splitAlgorithms.js": {"path":"/Users/alierdogan/denem_projeler/Cafe_odeme/src/algorithms/splitAlgorithms.js","statementMap":{"0":{"start":{"line":12,"column":2},"end":{"line":12,"column":69}},"1":{"start":{"line":12,"column":33},"end":{"line":12,"column":69}},"2":{"start":{"line":15,"column":21},"end":{"line":15,"column":30}},"3":{"start":{"line":16,"column":2},"end":{"line":18,"column":5}},"4":{"start":{"line":17,"column":4},"end":{"line":17,"column":51}},"5":{"start":{"line":17,"column":22},"end":{"line":17,"column":51}},"6":{"start":{"line":21,"column":29},"end":{"line":23,"column":18}},"7":{"start":{"line":22,"column":31},"end":{"line":22,"column":51}},"8":{"start":{"line":25,"column":2},"end":{"line":27,"column":3}},"9":{"start":{"line":26,"column":4},"end":{"line":26,"column":143}},"10":{"start":{"line":26,"column":79},"end":{"line":26,"column":138}},"11":{"start":{"line":29,"column":16},"end":{"line":29,"column":77}},"12":{"start":{"line":29,"column":42},"end":{"line":29,"column":73}},"13":{"start":{"line":30,"column":20},"end":{"line":30,"column":79}},"14":{"start":{"line":31,"column":20},"end":{"line":31,"column":91}},"15":{"start":{"line":33,"column":17},"end":{"line":42,"column":4}},"16":{"start":{"line":34,"column":21},"end":{"line":34,"column":64}},"17":{"start":{"line":34,"column":50},"end":{"line":34,"column":63}},"18":{"start":{"line":35,"column":16},"end":{"line":35,"column":64}},"19":{"start":{"line":35,"column":50},"end":{"line":35,"column":63}},"20":{"start":{"line":36,"column":4},"end":{"line":41,"column":6}},"21":{"start":{"line":40,"column":41},"end":{"line":40,"column":159}},"22":{"start":{"line":44,"column":2},"end":{"line":44,"column":52}},"23":{"start":{"line":55,"column":17},"end":{"line":55,"column":19}},"24":{"start":{"line":56,"column":2},"end":{"line":56,"column":104}},"25":{"start":{"line":56,"column":28},"end":{"line":56,"column":102}},"26":{"start":{"line":58,"column":2},"end":{"line":71,"column":5}},"27":{"start":{"line":59,"column":22},"end":{"line":59,"column":42}},"28":{"start":{"line":60,"column":19},"end":{"line":62,"column":35}},"29":{"start":{"line":61,"column":31},"end":{"line":61,"column":41}},"30":{"start":{"line":62,"column":30},"end":{"line":62,"column":34}},"31":{"start":{"line":64,"column":4},"end":{"line":64,"column":36}},"32":{"start":{"line":64,"column":29},"end":{"line":64,"column":36}},"33":{"start":{"line":66,"column":18},"end":{"line":66,"column":89}},"34":{"start":{"line":67,"column":4},"end":{"line":70,"column":7}},"35":{"start":{"line":68,"column":6},"end":{"line":68,"column":34}},"36":{"start":{"line":69,"column":6},"end":{"line":69,"column":85}},"37":{"start":{"line":73,"column":16},"end":{"line":73,"column":75}},"38":{"start":{"line":73,"column":57},"end":{"line":73,"column":71}},"39":{"start":{"line":75,"column":2},"end":{"line":75,"column":74}},"40":{"start":{"line":78,"column":0},"end":{"line":81,"column":2}}},"fnMap":{"0":{"name":"calculateEqualSplit","decl":{"start":{"line":11,"column":9},"end":{"line":11,"column":28}},"loc":{"start":{"line":11,"column":51},"end":{"line":45,"column":1}},"line":11},"1":{"name":"(anonymous_1)","decl":{"start":{"line":16,"column":17},"end":{"line":16,"column":18}},"loc":{"start":{"line":16,"column":22},"end":{"line":18,"column":3}},"line":16},"2":{"name":"(anonymous_2)","decl":{"start":{"line":22,"column":26},"end":{"line":22,"column":27}},"loc":{"start":{"line":22,"column":31},"end":{"line":22,"column":51}},"line":22},"3":{"name":"(anonymous_3)","decl":{"start":{"line":26,"column":73},"end":{"line":26,"column":74}},"loc":{"start":{"line":26,"column":79},"end":{"line":26,"column":138}},"line":26},"4":{"name":"(anonymous_4)","decl":{"start":{"line":29,"column":30},"end":{"line":29,"column":31}},"loc":{"start":{"line":29,"column":42},"end":{"line":29,"column":73}},"line":29},"5":{"name":"(anonymous_5)","decl":{"start":{"line":33,"column":34},"end":{"line":33,"column":35}},"loc":{"start":{"line":33,"column":39},"end":{"line":42,"column":3}},"line":33},"6":{"name":"(anonymous_6)","decl":{"start":{"line":34,"column":45},"end":{"line":34,"column":46}},"loc":{"start":{"line":34,"column":50},"end":{"line":34,"column":63}},"line":34},"7":{"name":"(anonymous_7)","decl":{"start":{"line":35,"column":45},"end":{"line":35,"column":46}},"loc":{"start":{"line":35,"column":50},"end":{"line":35,"column":63}},"line":35},"8":{"name":"(anonymous_8)","decl":{"start":{"line":40,"column":35},"end":{"line":40,"column":36}},"loc":{"start":{"line":40,"column":41},"end":{"line":40,"column":159}},"line":40},"9":{"name":"calculateItemBased","decl":{"start":{"line":54,"column":9},"end":{"line":54,"column":27}},"loc":{"start":{"line":54,"column":62},"end":{"line":76,"column":1}},"line":54},"10":{"name":"(anonymous_10)","decl":{"start":{"line":56,"column":23},"end":{"line":56,"column":24}},"loc":{"start":{"line":56,"column":28},"end":{"line":56,"column":102}},"line":56},"11":{"name":"(anonymous_11)","decl":{"start":{"line":58,"column":17},"end":{"line":58,"column":18}},"loc":{"start":{"line":58,"column":26},"end":{"line":71,"column":3}},"line":58},"12":{"name":"(anonymous_12)","decl":{"start":{"line":61,"column":25},"end":{"line":61,"column":26}},"loc":{"start":{"line":61,"column":31},"end":{"line":61,"column":41}},"line":61},"13":{"name":"(anonymous_13)","decl":{"start":{"line":62,"column":25},"end":{"line":62,"column":26}},"loc":{"start":{"line":62,"column":30},"end":{"line":62,"column":34}},"line":62},"14":{"name":"(anonymous_14)","decl":{"start":{"line":67,"column":19},"end":{"line":67,"column":20}},"loc":{"start":{"line":67,"column":26},"end":{"line":70,"column":5}},"line":67},"15":{"name":"(anonymous_15)","decl":{"start":{"line":73,"column":45},"end":{"line":73,"column":46}},"loc":{"start":{"line":73,"column":57},"end":{"line":73,"column":71}},"line":73}},"branchMap":{"0":{"loc":{"start":{"line":12,"column":2},"end":{"line":12,"column":69}},"type":"if","locations":[{"start":{"line":12,"column":2},"end":{"line":12,"column":69}},{"start":{},"end":{}}],"line":12},"1":{"loc":{"start":{"line":17,"column":4},"end":{"line":17,"column":51}},"type":"if","locations":[{"start":{"line":17,"column":4},"end":{"line":17,"column":51}},{"start":{},"end":{}}],"line":17},"2":{"loc":{"start":{"line":21,"column":29},"end":{"line":23,"column":18}},"type":"cond-expr","locations":[{"start":{"line":22,"column":6},"end":{"line":22,"column":52}},{"start":{"line":23,"column":6},"end":{"line":23,"column":18}}],"line":21},"3":{"loc":{"start":{"line":25,"column":2},"end":{"line":27,"column":3}},"type":"if","locations":[{"start":{"line":25,"column":2},"end":{"line":27,"column":3}},{"start":{},"end":{}}],"line":25},"4":{"loc":{"start":{"line":39,"column":14},"end":{"line":39,"column":104}},"type":"cond-expr","locations":[{"start":{"line":39,"column":26},"end":{"line":39,"column":99}},{"start":{"line":39,"column":103},"end":{"line":39,"column":104}}],"line":39},"5":{"loc":{"start":{"line":39,"column":26},"end":{"line":39,"column":99}},"type":"cond-expr","locations":[{"start":{"line":39,"column":66},"end":{"line":39,"column":87}},{"start":{"line":39,"column":90},"end":{"line":39,"column":99}}],"line":39},"6":{"loc":{"start":{"line":40,"column":13},"end":{"line":40,"column":166}},"type":"cond-expr","locations":[{"start":{"line":40,"column":24},"end":{"line":40,"column":161}},{"start":{"line":40,"column":164},"end":{"line":40,"column":166}}],"line":40},"7":{"loc":{"start":{"line":60,"column":19},"end":{"line":62,"column":35}},"type":"cond-expr","locations":[{"start":{"line":61,"column":8},"end":{"line":61,"column":42}},{"start":{"line":62,"column":8},"end":{"line":62,"column":35}}],"line":60},"8":{"loc":{"start":{"line":60,"column":19},"end":{"line":60,"column":52}},"type":"binary-expr","locations":[{"start":{"line":60,"column":19},"end":{"line":60,"column":28}},{"start":{"line":60,"column":32},"end":{"line":60,"column":52}}],"line":60},"9":{"loc":{"start":{"line":64,"column":4},"end":{"line":64,"column":36}},"type":"if","locations":[{"start":{"line":64,"column":4},"end":{"line":64,"column":36}},{"start":{},"end":{}}],"line":64}},"s":{"0":7,"1":1,"2":6,"3":6,"4":11,"5":11,"6":6,"7":13,"8":6,"9":0,"10":0,"11":6,"12":11,"13":6,"14":6,"15":6,"16":16,"17":27,"18":16,"19":27,"20":16,"21":27,"22":6,"23":7,"24":7,"25":16,"26":7,"27":10,"28":10,"29":13,"30":2,"31":10,"32":0,"33":10,"34":10,"35":14,"36":14,"37":7,"38":16,"39":7,"40":5},"f":{"0":7,"1":11,"2":13,"3":0,"4":11,"5":16,"6":27,"7":27,"8":27,"9":7,"10":16,"11":10,"12":13,"13":2,"14":14,"15":16},"b":{"0":[1,6],"1":[11,0],"2":[5,1],"3":[0,6],"4":[14,2],"5":[6,8],"6":[14,2],"7":[9,1],"8":[10,9],"9":[0,10]},"_coverageSchema":"1a1c01bbd47fc00a2c39e90264f33305004495a9","hash":"26241e8b7457e27f38571a85544b3bbfd2b5a84d"}
,"/Users/alierdogan/denem_projeler/Cafe_odeme/src/routes/admin.js": {"path":"/Users/alierdogan/denem_projeler/Cafe_odeme/src/routes/admin.js","statementMap":{"0":{"start":{"line":1,"column":16},"end":{"line":1,"column":34}},"1":{"start":{"line":2,"column":15},"end":{"line":2,"column":31}},"2":{"start":{"line":3,"column":13},"end":{"line":3,"column":42}},"3":{"start":{"line":4,"column":15},"end":{"line":4,"column":32}},"4":{"start":{"line":5,"column":37},"end":{"line":5,"column":54}},"5":{"start":{"line":8,"column":0},"end":{"line":8,"column":34}},"6":{"start":{"line":9,"column":0},"end":{"line":9,"column":38}},"7":{"start":{"line":10,"column":0},"end":{"line":10,"column":35}},"8":{"start":{"line":11,"column":0},"end":{"line":11,"column":35}},"9":{"start":{"line":12,"column":0},"end":{"line":12,"column":36}},"10":{"start":{"line":13,"column":0},"end":{"line":13,"column":39}},"11":{"start":{"line":14,"column":0},"end":{"line":17,"column":3}},"12":{"start":{"line":15,"column":2},"end":{"line":15,"column":42}},"13":{"start":{"line":15,"column":28},"end":{"line":15,"column":42}},"14":{"start":{"line":16,"column":2},"end":{"line":16,"column":30}},"15":{"start":{"line":20,"column":0},"end":{"line":30,"column":3}},"16":{"start":{"line":21,"column":2},"end":{"line":29,"column":3}},"17":{"start":{"line":22,"column":19},"end":{"line":25,"column":5}},"18":{"start":{"line":26,"column":4},"end":{"line":26,"column":37}},"19":{"start":{"line":28,"column":4},"end":{"line":28,"column":61}},"20":{"start":{"line":33,"column":0},"end":{"line":66,"column":3}},"21":{"start":{"line":34,"column":30},"end":{"line":34,"column":38}},"22":{"start":{"line":36,"column":2},"end":{"line":38,"column":3}},"23":{"start":{"line":37,"column":4},"end":{"line":37,"column":75}},"24":{"start":{"line":40,"column":2},"end":{"line":42,"column":3}},"25":{"start":{"line":41,"column":4},"end":{"line":41,"column":59}},"26":{"start":{"line":44,"column":2},"end":{"line":46,"column":3}},"27":{"start":{"line":45,"column":4},"end":{"line":45,"column":67}},"28":{"start":{"line":48,"column":2},"end":{"line":65,"column":3}},"29":{"start":{"line":49,"column":20},"end":{"line":49,"column":46}},"30":{"start":{"line":51,"column":19},"end":{"line":54,"column":5}},"31":{"start":{"line":57,"column":4},"end":{"line":60,"column":6}},"32":{"start":{"line":62,"column":4},"end":{"line":62,"column":39}},"33":{"start":{"line":64,"column":4},"end":{"line":64,"column":59}},"34":{"start":{"line":69,"column":0},"end":{"line":82,"column":3}},"35":{"start":{"line":70,"column":19},"end":{"line":70,"column":27}},"36":{"start":{"line":72,"column":2},"end":{"line":74,"column":3}},"37":{"start":{"line":73,"column":4},"end":{"line":73,"column":59}},"38":{"start":{"line":76,"column":2},"end":{"line":81,"column":3}},"39":{"start":{"line":77,"column":4},"end":{"line":77,"column":88}},"40":{"start":{"line":78,"column":4},"end":{"line":78,"column":42}},"41":{"start":{"line":80,"column":4},"end":{"line":80,"column":61}},"42":{"start":{"line":85,"column":0},"end":{"line":94,"column":3}},"43":{"start":{"line":86,"column":24},"end":{"line":86,"column":32}},"44":{"start":{"line":88,"column":2},"end":{"line":93,"column":3}},"45":{"start":{"line":89,"column":4},"end":{"line":89,"column":98}},"46":{"start":{"line":90,"column":4},"end":{"line":90,"column":44}},"47":{"start":{"line":92,"column":4},"end":{"line":92,"column":63}},"48":{"start":{"line":97,"column":0},"end":{"line":111,"column":3}},"49":{"start":{"line":98,"column":21},"end":{"line":98,"column":29}},"50":{"start":{"line":100,"column":2},"end":{"line":102,"column":3}},"51":{"start":{"line":101,"column":4},"end":{"line":101,"column":67}},"52":{"start":{"line":104,"column":2},"end":{"line":110,"column":3}},"53":{"start":{"line":105,"column":20},"end":{"line":105,"column":49}},"54":{"start":{"line":106,"column":4},"end":{"line":106,"column":95}},"55":{"start":{"line":107,"column":4},"end":{"line":107,"column":39}},"56":{"start":{"line":109,"column":4},"end":{"line":109,"column":59}},"57":{"start":{"line":114,"column":0},"end":{"line":182,"column":3}},"58":{"start":{"line":115,"column":2},"end":{"line":181,"column":3}},"59":{"start":{"line":116,"column":18},"end":{"line":116,"column":56}},"60":{"start":{"line":118,"column":83},"end":{"line":169,"column":6}},"61":{"start":{"line":171,"column":4},"end":{"line":177,"column":7}},"62":{"start":{"line":179,"column":4},"end":{"line":179,"column":43}},"63":{"start":{"line":180,"column":4},"end":{"line":180,"column":70}},"64":{"start":{"line":185,"column":0},"end":{"line":285,"column":3}},"65":{"start":{"line":186,"column":31},"end":{"line":186,"column":40}},"66":{"start":{"line":188,"column":2},"end":{"line":284,"column":3}},"67":{"start":{"line":190,"column":16},"end":{"line":190,"column":26}},"68":{"start":{"line":192,"column":4},"end":{"line":200,"column":5}},"69":{"start":{"line":193,"column":6},"end":{"line":193,"column":51}},"70":{"start":{"line":194,"column":11},"end":{"line":200,"column":5}},"71":{"start":{"line":195,"column":22},"end":{"line":195,"column":71}},"72":{"start":{"line":196,"column":6},"end":{"line":196,"column":55}},"73":{"start":{"line":197,"column":11},"end":{"line":200,"column":5}},"74":{"start":{"line":198,"column":23},"end":{"line":198,"column":73}},"75":{"start":{"line":199,"column":6},"end":{"line":199,"column":56}},"76":{"start":{"line":202,"column":79},"end":{"line":271,"column":6}},"77":{"start":{"line":273,"column":4},"end":{"line":280,"column":7}},"78":{"start":{"line":282,"column":4},"end":{"line":282,"column":41}},"79":{"start":{"line":283,"column":4},"end":{"line":283,"column":60}},"80":{"start":{"line":292,"column":0},"end":{"line":304,"column":3}},"81":{"start":{"line":293,"column":2},"end":{"line":303,"column":3}},"82":{"start":{"line":294,"column":19},"end":{"line":298,"column":6}},"83":{"start":{"line":299,"column":4},"end":{"line":299,"column":37}},"84":{"start":{"line":301,"column":4},"end":{"line":301,"column":43}},"85":{"start":{"line":302,"column":4},"end":{"line":302,"column":56}},"86":{"start":{"line":307,"column":0},"end":{"line":331,"column":3}},"87":{"start":{"line":308,"column":50},"end":{"line":308,"column":58}},"88":{"start":{"line":310,"column":2},"end":{"line":312,"column":3}},"89":{"start":{"line":311,"column":4},"end":{"line":311,"column":81}},"90":{"start":{"line":314,"column":2},"end":{"line":330,"column":3}},"91":{"start":{"line":315,"column":19},"end":{"line":318,"column":5}},"92":{"start":{"line":321,"column":4},"end":{"line":324,"column":6}},"93":{"start":{"line":326,"column":4},"end":{"line":326,"column":39}},"94":{"start":{"line":328,"column":4},"end":{"line":328,"column":47}},"95":{"start":{"line":329,"column":4},"end":{"line":329,"column":55}},"96":{"start":{"line":334,"column":0},"end":{"line":378,"column":3}},"97":{"start":{"line":335,"column":17},"end":{"line":335,"column":27}},"98":{"start":{"line":336,"column":50},"end":{"line":336,"column":58}},"99":{"start":{"line":338,"column":2},"end":{"line":377,"column":3}},"100":{"start":{"line":339,"column":20},"end":{"line":339,"column":22}},"101":{"start":{"line":340,"column":19},"end":{"line":340,"column":21}},"102":{"start":{"line":341,"column":21},"end":{"line":341,"column":22}},"103":{"start":{"line":343,"column":4},"end":{"line":346,"column":5}},"104":{"start":{"line":344,"column":6},"end":{"line":344,"column":46}},"105":{"start":{"line":345,"column":6},"end":{"line":345,"column":24}},"106":{"start":{"line":347,"column":4},"end":{"line":350,"column":5}},"107":{"start":{"line":348,"column":6},"end":{"line":348,"column":50}},"108":{"start":{"line":349,"column":6},"end":{"line":349,"column":28}},"109":{"start":{"line":351,"column":4},"end":{"line":354,"column":5}},"110":{"start":{"line":352,"column":6},"end":{"line":352,"column":47}},"111":{"start":{"line":353,"column":6},"end":{"line":353,"column":37}},"112":{"start":{"line":355,"column":4},"end":{"line":358,"column":5}},"113":{"start":{"line":356,"column":6},"end":{"line":356,"column":54}},"114":{"start":{"line":357,"column":6},"end":{"line":357,"column":32}},"115":{"start":{"line":360,"column":4},"end":{"line":362,"column":5}},"116":{"start":{"line":361,"column":6},"end":{"line":361,"column":68}},"117":{"start":{"line":364,"column":4},"end":{"line":364,"column":20}},"118":{"start":{"line":365,"column":4},"end":{"line":365,"column":102}},"119":{"start":{"line":368,"column":4},"end":{"line":371,"column":6}},"120":{"start":{"line":373,"column":4},"end":{"line":373,"column":46}},"121":{"start":{"line":375,"column":4},"end":{"line":375,"column":50}},"122":{"start":{"line":376,"column":4},"end":{"line":376,"column":59}},"123":{"start":{"line":381,"column":0},"end":{"line":398,"column":3}},"124":{"start":{"line":382,"column":17},"end":{"line":382,"column":27}},"125":{"start":{"line":384,"column":2},"end":{"line":397,"column":3}},"126":{"start":{"line":385,"column":4},"end":{"line":385,"column":67}},"127":{"start":{"line":388,"column":4},"end":{"line":391,"column":6}},"128":{"start":{"line":393,"column":4},"end":{"line":393,"column":42}},"129":{"start":{"line":395,"column":4},"end":{"line":395,"column":50}},"130":{"start":{"line":396,"column":4},"end":{"line":396,"column":55}},"131":{"start":{"line":401,"column":0},"end":{"line":416,"column":3}},"132":{"start":{"line":402,"column":2},"end":{"line":415,"column":3}},"133":{"start":{"line":403,"column":19},"end":{"line":410,"column":6}},"134":{"start":{"line":411,"column":4},"end":{"line":411,"column":36}},"135":{"start":{"line":413,"column":4},"end":{"line":413,"column":44}},"136":{"start":{"line":414,"column":4},"end":{"line":414,"column":60}},"137":{"start":{"line":423,"column":0},"end":{"line":441,"column":3}},"138":{"start":{"line":424,"column":36},"end":{"line":424,"column":44}},"139":{"start":{"line":426,"column":2},"end":{"line":428,"column":3}},"140":{"start":{"line":427,"column":4},"end":{"line":427,"column":78}},"141":{"start":{"line":430,"column":2},"end":{"line":440,"column":3}},"142":{"start":{"line":431,"column":19},"end":{"line":434,"column":5}},"143":{"start":{"line":436,"column":4},"end":{"line":436,"column":40}},"144":{"start":{"line":438,"column":4},"end":{"line":438,"column":43}},"145":{"start":{"line":439,"column":4},"end":{"line":439,"column":71}},"146":{"start":{"line":444,"column":0},"end":{"line":459,"column":3}},"147":{"start":{"line":445,"column":22},"end":{"line":445,"column":32}},"148":{"start":{"line":446,"column":36},"end":{"line":446,"column":44}},"149":{"start":{"line":448,"column":2},"end":{"line":458,"column":3}},"150":{"start":{"line":449,"column":4},"end":{"line":452,"column":6}},"151":{"start":{"line":454,"column":4},"end":{"line":454,"column":46}},"152":{"start":{"line":456,"column":4},"end":{"line":456,"column":46}},"153":{"start":{"line":457,"column":4},"end":{"line":457,"column":59}},"154":{"start":{"line":462,"column":0},"end":{"line":483,"column":3}},"155":{"start":{"line":463,"column":22},"end":{"line":463,"column":32}},"156":{"start":{"line":465,"column":2},"end":{"line":482,"column":3}},"157":{"start":{"line":467,"column":27},"end":{"line":470,"column":5}},"158":{"start":{"line":472,"column":4},"end":{"line":474,"column":5}},"159":{"start":{"line":473,"column":6},"end":{"line":473,"column":82}},"160":{"start":{"line":476,"column":4},"end":{"line":476,"column":68}},"161":{"start":{"line":478,"column":4},"end":{"line":478,"column":42}},"162":{"start":{"line":480,"column":4},"end":{"line":480,"column":46}},"163":{"start":{"line":481,"column":4},"end":{"line":481,"column":55}},"164":{"start":{"line":486,"column":0},"end":{"line":536,"column":3}},"165":{"start":{"line":487,"column":2},"end":{"line":535,"column":3}},"166":{"start":{"line":489,"column":28},"end":{"line":493,"column":6}},"167":{"start":{"line":496,"column":19},"end":{"line":512,"column":6}},"168":{"start":{"line":515,"column":20},"end":{"line":525,"column":6}},"169":{"start":{"line":527,"column":4},"end":{"line":531,"column":7}},"170":{"start":{"line":533,"column":4},"end":{"line":533,"column":45}},"171":{"start":{"line":534,"column":4},"end":{"line":534,"column":59}},"172":{"start":{"line":539,"column":0},"end":{"line":580,"column":3}},"173":{"start":{"line":540,"column":24},"end":{"line":540,"column":34}},"174":{"start":{"line":541,"column":17},"end":{"line":541,"column":28}},"175":{"start":{"line":543,"column":2},"end":{"line":579,"column":3}},"176":{"start":{"line":545,"column":26},"end":{"line":545,"column":91}},"177":{"start":{"line":546,"column":22},"end":{"line":546,"column":77}},"178":{"start":{"line":548,"column":4},"end":{"line":552,"column":5}},"179":{"start":{"line":549,"column":6},"end":{"line":551,"column":9}},"180":{"start":{"line":554,"column":4},"end":{"line":557,"column":6}},"181":{"start":{"line":560,"column":4},"end":{"line":563,"column":6}},"182":{"start":{"line":566,"column":22},"end":{"line":566,"column":63}},"183":{"start":{"line":567,"column":4},"end":{"line":573,"column":5}},"184":{"start":{"line":568,"column":6},"end":{"line":572,"column":9}},"185":{"start":{"line":575,"column":4},"end":{"line":575,"column":44}},"186":{"start":{"line":577,"column":4},"end":{"line":577,"column":45}},"187":{"start":{"line":578,"column":4},"end":{"line":578,"column":57}},"188":{"start":{"line":583,"column":0},"end":{"line":601,"column":3}},"189":{"start":{"line":584,"column":2},"end":{"line":600,"column":3}},"190":{"start":{"line":585,"column":19},"end":{"line":595,"column":6}},"191":{"start":{"line":596,"column":4},"end":{"line":596,"column":38}},"192":{"start":{"line":598,"column":4},"end":{"line":598,"column":45}},"193":{"start":{"line":599,"column":4},"end":{"line":599,"column":62}},"194":{"start":{"line":604,"column":0},"end":{"line":619,"column":3}},"195":{"start":{"line":605,"column":22},"end":{"line":605,"column":32}},"196":{"start":{"line":606,"column":21},"end":{"line":606,"column":29}},"197":{"start":{"line":608,"column":2},"end":{"line":610,"column":3}},"198":{"start":{"line":609,"column":4},"end":{"line":609,"column":61}},"199":{"start":{"line":612,"column":2},"end":{"line":618,"column":3}},"200":{"start":{"line":613,"column":4},"end":{"line":613,"column":87}},"201":{"start":{"line":614,"column":4},"end":{"line":614,"column":47}},"202":{"start":{"line":616,"column":4},"end":{"line":616,"column":53}},"203":{"start":{"line":617,"column":4},"end":{"line":617,"column":60}},"204":{"start":{"line":622,"column":0},"end":{"line":660,"column":3}},"205":{"start":{"line":623,"column":22},"end":{"line":623,"column":32}},"206":{"start":{"line":624,"column":21},"end":{"line":624,"column":29}},"207":{"start":{"line":625,"column":17},"end":{"line":625,"column":28}},"208":{"start":{"line":627,"column":2},"end":{"line":659,"column":3}},"209":{"start":{"line":628,"column":18},"end":{"line":628,"column":83}},"210":{"start":{"line":629,"column":4},"end":{"line":631,"column":5}},"211":{"start":{"line":630,"column":6},"end":{"line":630,"column":67}},"212":{"start":{"line":633,"column":4},"end":{"line":635,"column":5}},"213":{"start":{"line":634,"column":6},"end":{"line":634,"column":68}},"214":{"start":{"line":637,"column":4},"end":{"line":640,"column":6}},"215":{"start":{"line":643,"column":22},"end":{"line":643,"column":35}},"216":{"start":{"line":644,"column":4},"end":{"line":647,"column":6}},"217":{"start":{"line":650,"column":4},"end":{"line":653,"column":6}},"218":{"start":{"line":655,"column":4},"end":{"line":655,"column":50}},"219":{"start":{"line":657,"column":4},"end":{"line":657,"column":46}},"220":{"start":{"line":658,"column":4},"end":{"line":658,"column":63}},"221":{"start":{"line":662,"column":0},"end":{"line":662,"column":24}}},"fnMap":{"0":{"name":"(anonymous_0)","decl":{"start":{"line":14,"column":20},"end":{"line":14,"column":21}},"loc":{"start":{"line":14,"column":40},"end":{"line":17,"column":1}},"line":14},"1":{"name":"(anonymous_1)","decl":{"start":{"line":20,"column":58},"end":{"line":20,"column":59}},"loc":{"start":{"line":20,"column":78},"end":{"line":30,"column":1}},"line":20},"2":{"name":"(anonymous_2)","decl":{"start":{"line":33,"column":44},"end":{"line":33,"column":45}},"loc":{"start":{"line":33,"column":64},"end":{"line":66,"column":1}},"line":33},"3":{"name":"(anonymous_3)","decl":{"start":{"line":69,"column":54},"end":{"line":69,"column":55}},"loc":{"start":{"line":69,"column":74},"end":{"line":82,"column":1}},"line":69},"4":{"name":"(anonymous_4)","decl":{"start":{"line":85,"column":56},"end":{"line":85,"column":57}},"loc":{"start":{"line":85,"column":76},"end":{"line":94,"column":1}},"line":85},"5":{"name":"(anonymous_5)","decl":{"start":{"line":97,"column":58},"end":{"line":97,"column":59}},"loc":{"start":{"line":97,"column":78},"end":{"line":111,"column":1}},"line":97},"6":{"name":"(anonymous_6)","decl":{"start":{"line":114,"column":62},"end":{"line":114,"column":63}},"loc":{"start":{"line":114,"column":82},"end":{"line":182,"column":1}},"line":114},"7":{"name":"(anonymous_7)","decl":{"start":{"line":185,"column":60},"end":{"line":185,"column":61}},"loc":{"start":{"line":185,"column":80},"end":{"line":285,"column":1}},"line":185},"8":{"name":"(anonymous_8)","decl":{"start":{"line":292,"column":20},"end":{"line":292,"column":21}},"loc":{"start":{"line":292,"column":40},"end":{"line":304,"column":1}},"line":292},"9":{"name":"(anonymous_9)","decl":{"start":{"line":307,"column":43},"end":{"line":307,"column":44}},"loc":{"start":{"line":307,"column":63},"end":{"line":331,"column":1}},"line":307},"10":{"name":"(anonymous_10)","decl":{"start":{"line":334,"column":48},"end":{"line":334,"column":49}},"loc":{"start":{"line":334,"column":68},"end":{"line":378,"column":1}},"line":334},"11":{"name":"(anonymous_11)","decl":{"start":{"line":381,"column":49},"end":{"line":381,"column":50}},"loc":{"start":{"line":381,"column":69},"end":{"line":398,"column":1}},"line":381},"12":{"name":"(anonymous_12)","decl":{"start":{"line":401,"column":48},"end":{"line":401,"column":49}},"loc":{"start":{"line":401,"column":68},"end":{"line":416,"column":1}},"line":401},"13":{"name":"(anonymous_13)","decl":{"start":{"line":423,"column":45},"end":{"line":423,"column":46}},"loc":{"start":{"line":423,"column":65},"end":{"line":441,"column":1}},"line":423},"14":{"name":"(anonymous_14)","decl":{"start":{"line":444,"column":55},"end":{"line":444,"column":56}},"loc":{"start":{"line":444,"column":75},"end":{"line":459,"column":1}},"line":444},"15":{"name":"(anonymous_15)","decl":{"start":{"line":462,"column":56},"end":{"line":462,"column":57}},"loc":{"start":{"line":462,"column":76},"end":{"line":483,"column":1}},"line":462},"16":{"name":"(anonymous_16)","decl":{"start":{"line":486,"column":69},"end":{"line":486,"column":70}},"loc":{"start":{"line":486,"column":89},"end":{"line":536,"column":1}},"line":486},"17":{"name":"(anonymous_17)","decl":{"start":{"line":539,"column":77},"end":{"line":539,"column":78}},"loc":{"start":{"line":539,"column":97},"end":{"line":580,"column":1}},"line":539},"18":{"name":"(anonymous_18)","decl":{"start":{"line":583,"column":69},"end":{"line":583,"column":70}},"loc":{"start":{"line":583,"column":89},"end":{"line":601,"column":1}},"line":583},"19":{"name":"(anonymous_19)","decl":{"start":{"line":604,"column":87},"end":{"line":604,"column":88}},"loc":{"start":{"line":604,"column":107},"end":{"line":619,"column":1}},"line":604},"20":{"name":"(anonymous_20)","decl":{"start":{"line":622,"column":76},"end":{"line":622,"column":77}},"loc":{"start":{"line":622,"column":96},"end":{"line":660,"column":1}},"line":622}},"branchMap":{"0":{"loc":{"start":{"line":15,"column":2},"end":{"line":15,"column":42}},"type":"if","locations":[{"start":{"line":15,"column":2},"end":{"line":15,"column":42}},{"start":{},"end":{}}],"line":15},"1":{"loc":{"start":{"line":36,"column":2},"end":{"line":38,"column":3}},"type":"if","locations":[{"start":{"line":36,"column":2},"end":{"line":38,"column":3}},{"start":{},"end":{}}],"line":36},"2":{"loc":{"start":{"line":36,"column":6},"end":{"line":36,"column":28}},"type":"binary-expr","locations":[{"start":{"line":36,"column":6},"end":{"line":36,"column":11}},{"start":{"line":36,"column":15},"end":{"line":36,"column":20}},{"start":{"line":36,"column":24},"end":{"line":36,"column":28}}],"line":36},"3":{"loc":{"start":{"line":40,"column":2},"end":{"line":42,"column":3}},"type":"if","locations":[{"start":{"line":40,"column":2},"end":{"line":42,"column":3}},{"start":{},"end":{}}],"line":40},"4":{"loc":{"start":{"line":44,"column":2},"end":{"line":46,"column":3}},"type":"if","locations":[{"start":{"line":44,"column":2},"end":{"line":46,"column":3}},{"start":{},"end":{}}],"line":44},"5":{"loc":{"start":{"line":72,"column":2},"end":{"line":74,"column":3}},"type":"if","locations":[{"start":{"line":72,"column":2},"end":{"line":74,"column":3}},{"start":{},"end":{}}],"line":72},"6":{"loc":{"start":{"line":100,"column":2},"end":{"line":102,"column":3}},"type":"if","locations":[{"start":{"line":100,"column":2},"end":{"line":102,"column":3}},{"start":{},"end":{}}],"line":100},"7":{"loc":{"start":{"line":186,"column":10},"end":{"line":186,"column":26}},"type":"default-arg","locations":[{"start":{"line":186,"column":19},"end":{"line":186,"column":26}}],"line":186},"8":{"loc":{"start":{"line":192,"column":4},"end":{"line":200,"column":5}},"type":"if","locations":[{"start":{"line":192,"column":4},"end":{"line":200,"column":5}},{"start":{"line":194,"column":11},"end":{"line":200,"column":5}}],"line":192},"9":{"loc":{"start":{"line":194,"column":11},"end":{"line":200,"column":5}},"type":"if","locations":[{"start":{"line":194,"column":11},"end":{"line":200,"column":5}},{"start":{"line":197,"column":11},"end":{"line":200,"column":5}}],"line":194},"10":{"loc":{"start":{"line":197,"column":11},"end":{"line":200,"column":5}},"type":"if","locations":[{"start":{"line":197,"column":11},"end":{"line":200,"column":5}},{"start":{},"end":{}}],"line":197},"11":{"loc":{"start":{"line":310,"column":2},"end":{"line":312,"column":3}},"type":"if","locations":[{"start":{"line":310,"column":2},"end":{"line":312,"column":3}},{"start":{},"end":{}}],"line":310},"12":{"loc":{"start":{"line":310,"column":6},"end":{"line":310,"column":47}},"type":"binary-expr","locations":[{"start":{"line":310,"column":6},"end":{"line":310,"column":11}},{"start":{"line":310,"column":15},"end":{"line":310,"column":24}},{"start":{"line":310,"column":28},"end":{"line":310,"column":47}}],"line":310},"13":{"loc":{"start":{"line":343,"column":4},"end":{"line":346,"column":5}},"type":"if","locations":[{"start":{"line":343,"column":4},"end":{"line":346,"column":5}},{"start":{},"end":{}}],"line":343},"14":{"loc":{"start":{"line":347,"column":4},"end":{"line":350,"column":5}},"type":"if","locations":[{"start":{"line":347,"column":4},"end":{"line":350,"column":5}},{"start":{},"end":{}}],"line":347},"15":{"loc":{"start":{"line":351,"column":4},"end":{"line":354,"column":5}},"type":"if","locations":[{"start":{"line":351,"column":4},"end":{"line":354,"column":5}},{"start":{},"end":{}}],"line":351},"16":{"loc":{"start":{"line":355,"column":4},"end":{"line":358,"column":5}},"type":"if","locations":[{"start":{"line":355,"column":4},"end":{"line":358,"column":5}},{"start":{},"end":{}}],"line":355},"17":{"loc":{"start":{"line":360,"column":4},"end":{"line":362,"column":5}},"type":"if","locations":[{"start":{"line":360,"column":4},"end":{"line":362,"column":5}},{"start":{},"end":{}}],"line":360},"18":{"loc":{"start":{"line":426,"column":2},"end":{"line":428,"column":3}},"type":"if","locations":[{"start":{"line":426,"column":2},"end":{"line":428,"column":3}},{"start":{},"end":{}}],"line":426},"19":{"loc":{"start":{"line":426,"column":6},"end":{"line":426,"column":31}},"type":"binary-expr","locations":[{"start":{"line":426,"column":6},"end":{"line":426,"column":19}},{"start":{"line":426,"column":23},"end":{"line":426,"column":31}}],"line":426},"20":{"loc":{"start":{"line":472,"column":4},"end":{"line":474,"column":5}},"type":"if","locations":[{"start":{"line":472,"column":4},"end":{"line":474,"column":5}},{"start":{},"end":{}}],"line":472},"21":{"loc":{"start":{"line":548,"column":4},"end":{"line":552,"column":5}},"type":"if","locations":[{"start":{"line":548,"column":4},"end":{"line":552,"column":5}},{"start":{},"end":{}}],"line":548},"22":{"loc":{"start":{"line":567,"column":4},"end":{"line":573,"column":5}},"type":"if","locations":[{"start":{"line":567,"column":4},"end":{"line":573,"column":5}},{"start":{},"end":{}}],"line":567},"23":{"loc":{"start":{"line":567,"column":8},"end":{"line":567,"column":40}},"type":"binary-expr","locations":[{"start":{"line":567,"column":8},"end":{"line":567,"column":17}},{"start":{"line":567,"column":21},"end":{"line":567,"column":40}}],"line":567},"24":{"loc":{"start":{"line":608,"column":2},"end":{"line":610,"column":3}},"type":"if","locations":[{"start":{"line":608,"column":2},"end":{"line":610,"column":3}},{"start":{},"end":{}}],"line":608},"25":{"loc":{"start":{"line":629,"column":4},"end":{"line":631,"column":5}},"type":"if","locations":[{"start":{"line":629,"column":4},"end":{"line":631,"column":5}},{"start":{},"end":{}}],"line":629},"26":{"loc":{"start":{"line":633,"column":4},"end":{"line":635,"column":5}},"type":"if","locations":[{"start":{"line":633,"column":4},"end":{"line":635,"column":5}},{"start":{},"end":{}}],"line":633},"27":{"loc":{"start":{"line":639,"column":15},"end":{"line":639,"column":32}},"type":"binary-expr","locations":[{"start":{"line":639,"column":15},"end":{"line":639,"column":21}},{"start":{"line":639,"column":25},"end":{"line":639,"column":32}}],"line":639}},"s":{"0":1,"1":1,"2":1,"3":1,"4":1,"5":1,"6":1,"7":1,"8":1,"9":1,"10":1,"11":1,"12":0,"13":0,"14":0,"15":1,"16":1,"17":1,"18":1,"19":0,"20":1,"21":4,"22":4,"23":1,"24":3,"25":1,"26":2,"27":1,"28":1,"29":1,"30":1,"31":1,"32":1,"33":0,"34":1,"35":2,"36":2,"37":1,"38":1,"39":1,"40":1,"41":0,"42":1,"43":1,"44":1,"45":1,"46":1,"47":0,"48":1,"49":2,"50":2,"51":1,"52":1,"53":1,"54":1,"55":1,"56":0,"57":1,"58":0,"59":0,"60":0,"61":0,"62":0,"63":0,"64":1,"65":0,"66":0,"67":0,"68":0,"69":0,"70":0,"71":0,"72":0,"73":0,"74":0,"75":0,"76":0,"77":0,"78":0,"79":0,"80":1,"81":0,"82":0,"83":0,"84":0,"85":0,"86":1,"87":0,"88":0,"89":0,"90":0,"91":0,"92":0,"93":0,"94":0,"95":0,"96":1,"97":0,"98":0,"99":0,"100":0,"101":0,"102":0,"103":0,"104":0,"105":0,"106":0,"107":0,"108":0,"109":0,"110":0,"111":0,"112":0,"113":0,"114":0,"115":0,"116":0,"117":0,"118":0,"119":0,"120":0,"121":0,"122":0,"123":1,"124":0,"125":0,"126":0,"127":0,"128":0,"129":0,"130":0,"131":1,"132":0,"133":0,"134":0,"135":0,"136":0,"137":1,"138":0,"139":0,"140":0,"141":0,"142":0,"143":0,"144":0,"145":0,"146":1,"147":0,"148":0,"149":0,"150":0,"151":0,"152":0,"153":0,"154":1,"155":0,"156":0,"157":0,"158":0,"159":0,"160":0,"161":0,"162":0,"163":0,"164":1,"165":0,"166":0,"167":0,"168":0,"169":0,"170":0,"171":0,"172":1,"173":0,"174":0,"175":0,"176":0,"177":0,"178":0,"179":0,"180":0,"181":0,"182":0,"183":0,"184":0,"185":0,"186":0,"187":0,"188":1,"189":0,"190":0,"191":0,"192":0,"193":0,"194":1,"195":0,"196":0,"197":0,"198":0,"199":0,"200":0,"201":0,"202":0,"203":0,"204":1,"205":0,"206":0,"207":0,"208":0,"209":0,"210":0,"211":0,"212":0,"213":0,"214":0,"215":0,"216":0,"217":0,"218":0,"219":0,"220":0,"221":1},"f":{"0":0,"1":1,"2":4,"3":2,"4":1,"5":2,"6":0,"7":0,"8":0,"9":0,"10":0,"11":0,"12":0,"13":0,"14":0,"15":0,"16":0,"17":0,"18":0,"19":0,"20":0},"b":{"0":[0,0],"1":[1,3],"2":[4,4,3],"3":[1,2],"4":[1,1],"5":[1,1],"6":[1,1],"7":[0],"8":[0,0],"9":[0,0],"10":[0,0],"11":[0,0],"12":[0,0,0],"13":[0,0],"14":[0,0],"15":[0,0],"16":[0,0],"17":[0,0],"18":[0,0],"19":[0,0],"20":[0,0],"21":[0,0],"22":[0,0],"23":[0,0],"24":[0,0],"25":[0,0],"26":[0,0],"27":[0,0]},"_coverageSchema":"1a1c01bbd47fc00a2c39e90264f33305004495a9","hash":"7fb210ad07180a76c0b5d72265f126fe778392bc"}
,"/Users/alierdogan/denem_projeler/Cafe_odeme/src/routes/api.js": {"path":"/Users/alierdogan/denem_projeler/Cafe_odeme/src/routes/api.js","statementMap":{"0":{"start":{"line":1,"column":16},"end":{"line":1,"column":34}},"1":{"start":{"line":2,"column":15},"end":{"line":2,"column":31}},"2":{"start":{"line":3,"column":13},"end":{"line":3,"column":42}},"3":{"start":{"line":4,"column":52},"end":{"line":4,"column":92}},"4":{"start":{"line":8,"column":0},"end":{"line":81,"column":3}},"5":{"start":{"line":9,"column":38},"end":{"line":9,"column":46}},"6":{"start":{"line":11,"column":2},"end":{"line":11,"column":68}},"7":{"start":{"line":13,"column":2},"end":{"line":80,"column":3}},"8":{"start":{"line":15,"column":24},"end":{"line":17,"column":5}},"9":{"start":{"line":19,"column":4},"end":{"line":22,"column":5}},"10":{"start":{"line":20,"column":6},"end":{"line":20,"column":61}},"11":{"start":{"line":21,"column":6},"end":{"line":21,"column":64}},"12":{"start":{"line":24,"column":20},"end":{"line":24,"column":42}},"13":{"start":{"line":25,"column":4},"end":{"line":25,"column":49}},"14":{"start":{"line":28,"column":24},"end":{"line":31,"column":5}},"15":{"start":{"line":36,"column":4},"end":{"line":56,"column":5}},"16":{"start":{"line":37,"column":6},"end":{"line":37,"column":43}},"17":{"start":{"line":38,"column":6},"end":{"line":38,"column":57}},"18":{"start":{"line":39,"column":6},"end":{"line":39,"column":64}},"19":{"start":{"line":42,"column":31},"end":{"line":45,"column":7}},"20":{"start":{"line":46,"column":32},"end":{"line":46,"column":68}},"21":{"start":{"line":49,"column":25},"end":{"line":52,"column":7}},"22":{"start":{"line":53,"column":6},"end":{"line":53,"column":40}},"23":{"start":{"line":54,"column":6},"end":{"line":54,"column":54}},"24":{"start":{"line":55,"column":6},"end":{"line":55,"column":94}},"25":{"start":{"line":59,"column":24},"end":{"line":61,"column":5}},"26":{"start":{"line":62,"column":20},"end":{"line":62,"column":53}},"27":{"start":{"line":64,"column":24},"end":{"line":68,"column":5}},"28":{"start":{"line":70,"column":4},"end":{"line":70,"column":70}},"29":{"start":{"line":72,"column":4},"end":{"line":76,"column":7}},"30":{"start":{"line":78,"column":4},"end":{"line":78,"column":65}},"31":{"start":{"line":79,"column":4},"end":{"line":79,"column":73}},"32":{"start":{"line":84,"column":0},"end":{"line":114,"column":3}},"33":{"start":{"line":85,"column":27},"end":{"line":85,"column":37}},"34":{"start":{"line":87,"column":2},"end":{"line":113,"column":3}},"35":{"start":{"line":88,"column":20},"end":{"line":90,"column":5}},"36":{"start":{"line":92,"column":4},"end":{"line":94,"column":5}},"37":{"start":{"line":93,"column":6},"end":{"line":93,"column":66}},"38":{"start":{"line":96,"column":60},"end":{"line":101,"column":6}},"39":{"start":{"line":103,"column":4},"end":{"line":109,"column":7}},"40":{"start":{"line":111,"column":4},"end":{"line":111,"column":45}},"41":{"start":{"line":112,"column":4},"end":{"line":112,"column":67}},"42":{"start":{"line":117,"column":0},"end":{"line":150,"column":3}},"43":{"start":{"line":118,"column":65},"end":{"line":118,"column":73}},"44":{"start":{"line":120,"column":2},"end":{"line":149,"column":3}},"45":{"start":{"line":121,"column":26},"end":{"line":124,"column":5}},"46":{"start":{"line":126,"column":4},"end":{"line":128,"column":5}},"47":{"start":{"line":127,"column":6},"end":{"line":127,"column":73}},"48":{"start":{"line":130,"column":22},"end":{"line":130,"column":46}},"49":{"start":{"line":131,"column":23},"end":{"line":131,"column":52}},"50":{"start":{"line":133,"column":18},"end":{"line":137,"column":5}},"51":{"start":{"line":140,"column":4},"end":{"line":143,"column":6}},"52":{"start":{"line":145,"column":4},"end":{"line":145,"column":39}},"53":{"start":{"line":147,"column":4},"end":{"line":147,"column":45}},"54":{"start":{"line":148,"column":4},"end":{"line":148,"column":61}},"55":{"start":{"line":153,"column":0},"end":{"line":187,"column":3}},"56":{"start":{"line":154,"column":37},"end":{"line":154,"column":45}},"57":{"start":{"line":156,"column":2},"end":{"line":186,"column":3}},"58":{"start":{"line":157,"column":26},"end":{"line":160,"column":5}},"59":{"start":{"line":162,"column":4},"end":{"line":164,"column":5}},"60":{"start":{"line":163,"column":6},"end":{"line":163,"column":73}},"61":{"start":{"line":166,"column":22},"end":{"line":166,"column":46}},"62":{"start":{"line":168,"column":35},"end":{"line":171,"column":6}},"63":{"start":{"line":174,"column":4},"end":{"line":180,"column":5}},"64":{"start":{"line":175,"column":6},"end":{"line":175,"column":67}},"65":{"start":{"line":176,"column":11},"end":{"line":180,"column":5}},"66":{"start":{"line":177,"column":6},"end":{"line":177,"column":93}},"67":{"start":{"line":179,"column":6},"end":{"line":179,"column":65}},"68":{"start":{"line":182,"column":4},"end":{"line":182,"column":21}},"69":{"start":{"line":184,"column":4},"end":{"line":184,"column":51}},"70":{"start":{"line":185,"column":4},"end":{"line":185,"column":65}},"71":{"start":{"line":190,"column":0},"end":{"line":231,"column":3}},"72":{"start":{"line":191,"column":63},"end":{"line":191,"column":71}},"73":{"start":{"line":193,"column":2},"end":{"line":230,"column":3}},"74":{"start":{"line":194,"column":26},"end":{"line":197,"column":5}},"75":{"start":{"line":199,"column":4},"end":{"line":201,"column":5}},"76":{"start":{"line":200,"column":6},"end":{"line":200,"column":73}},"77":{"start":{"line":203,"column":22},"end":{"line":203,"column":46}},"78":{"start":{"line":206,"column":20},"end":{"line":210,"column":5}},"79":{"start":{"line":213,"column":4},"end":{"line":216,"column":6}},"80":{"start":{"line":219,"column":26},"end":{"line":219,"column":91}},"81":{"start":{"line":220,"column":29},"end":{"line":220,"column":84}},"82":{"start":{"line":222,"column":4},"end":{"line":226,"column":7}},"83":{"start":{"line":228,"column":4},"end":{"line":228,"column":41}},"84":{"start":{"line":229,"column":4},"end":{"line":229,"column":54}},"85":{"start":{"line":234,"column":0},"end":{"line":285,"column":3}},"86":{"start":{"line":235,"column":35},"end":{"line":235,"column":43}},"87":{"start":{"line":237,"column":2},"end":{"line":284,"column":3}},"88":{"start":{"line":238,"column":26},"end":{"line":241,"column":5}},"89":{"start":{"line":243,"column":4},"end":{"line":245,"column":5}},"90":{"start":{"line":244,"column":6},"end":{"line":244,"column":73}},"91":{"start":{"line":247,"column":22},"end":{"line":247,"column":46}},"92":{"start":{"line":248,"column":29},"end":{"line":250,"column":5}},"93":{"start":{"line":252,"column":4},"end":{"line":254,"column":5}},"94":{"start":{"line":253,"column":6},"end":{"line":253,"column":87}},"95":{"start":{"line":257,"column":20},"end":{"line":261,"column":5}},"96":{"start":{"line":264,"column":23},"end":{"line":266,"column":5}},"97":{"start":{"line":268,"column":4},"end":{"line":273,"column":5}},"98":{"start":{"line":269,"column":6},"end":{"line":272,"column":8}},"99":{"start":{"line":275,"column":4},"end":{"line":280,"column":7}},"100":{"start":{"line":282,"column":4},"end":{"line":282,"column":46}},"101":{"start":{"line":283,"column":4},"end":{"line":283,"column":54}},"102":{"start":{"line":288,"column":0},"end":{"line":339,"column":3}},"103":{"start":{"line":289,"column":64},"end":{"line":289,"column":72}},"104":{"start":{"line":291,"column":2},"end":{"line":338,"column":3}},"105":{"start":{"line":292,"column":26},"end":{"line":295,"column":5}},"106":{"start":{"line":297,"column":4},"end":{"line":299,"column":5}},"107":{"start":{"line":298,"column":6},"end":{"line":298,"column":73}},"108":{"start":{"line":301,"column":22},"end":{"line":301,"column":46}},"109":{"start":{"line":304,"column":19},"end":{"line":307,"column":5}},"110":{"start":{"line":309,"column":4},"end":{"line":311,"column":5}},"111":{"start":{"line":310,"column":6},"end":{"line":310,"column":70}},"112":{"start":{"line":314,"column":20},"end":{"line":318,"column":5}},"113":{"start":{"line":321,"column":4},"end":{"line":324,"column":6}},"114":{"start":{"line":326,"column":26},"end":{"line":326,"column":91}},"115":{"start":{"line":327,"column":29},"end":{"line":327,"column":84}},"116":{"start":{"line":329,"column":4},"end":{"line":334,"column":7}},"117":{"start":{"line":336,"column":4},"end":{"line":336,"column":41}},"118":{"start":{"line":337,"column":4},"end":{"line":337,"column":54}},"119":{"start":{"line":342,"column":0},"end":{"line":406,"column":3}},"120":{"start":{"line":343,"column":45},"end":{"line":343,"column":53}},"121":{"start":{"line":345,"column":2},"end":{"line":405,"column":3}},"122":{"start":{"line":346,"column":26},"end":{"line":349,"column":5}},"123":{"start":{"line":351,"column":4},"end":{"line":353,"column":5}},"124":{"start":{"line":352,"column":6},"end":{"line":352,"column":73}},"125":{"start":{"line":355,"column":22},"end":{"line":355,"column":46}},"126":{"start":{"line":358,"column":25},"end":{"line":358,"column":70}},"127":{"start":{"line":358,"column":48},"end":{"line":358,"column":59}},"128":{"start":{"line":359,"column":19},"end":{"line":362,"column":5}},"129":{"start":{"line":364,"column":4},"end":{"line":366,"column":5}},"130":{"start":{"line":365,"column":6},"end":{"line":365,"column":70}},"131":{"start":{"line":368,"column":24},"end":{"line":368,"column":90}},"132":{"start":{"line":368,"column":55},"end":{"line":368,"column":86}},"133":{"start":{"line":371,"column":20},"end":{"line":375,"column":5}},"134":{"start":{"line":378,"column":30},"end":{"line":378,"column":75}},"135":{"start":{"line":378,"column":53},"end":{"line":378,"column":64}},"136":{"start":{"line":379,"column":4},"end":{"line":382,"column":6}},"137":{"start":{"line":385,"column":4},"end":{"line":388,"column":6}},"138":{"start":{"line":390,"column":26},"end":{"line":390,"column":91}},"139":{"start":{"line":391,"column":29},"end":{"line":391,"column":84}},"140":{"start":{"line":394,"column":27},"end":{"line":394,"column":66}},"141":{"start":{"line":394,"column":48},"end":{"line":394,"column":54}},"142":{"start":{"line":396,"column":4},"end":{"line":401,"column":7}},"143":{"start":{"line":403,"column":4},"end":{"line":403,"column":46}},"144":{"start":{"line":404,"column":4},"end":{"line":404,"column":54}},"145":{"start":{"line":409,"column":0},"end":{"line":421,"column":3}},"146":{"start":{"line":410,"column":27},"end":{"line":410,"column":35}},"147":{"start":{"line":412,"column":2},"end":{"line":420,"column":3}},"148":{"start":{"line":413,"column":4},"end":{"line":416,"column":6}},"149":{"start":{"line":417,"column":4},"end":{"line":417,"column":44}},"150":{"start":{"line":419,"column":4},"end":{"line":419,"column":63}},"151":{"start":{"line":423,"column":0},"end":{"line":423,"column":24}}},"fnMap":{"0":{"name":"(anonymous_0)","decl":{"start":{"line":8,"column":29},"end":{"line":8,"column":30}},"loc":{"start":{"line":8,"column":49},"end":{"line":81,"column":1}},"line":8},"1":{"name":"(anonymous_1)","decl":{"start":{"line":84,"column":37},"end":{"line":84,"column":38}},"loc":{"start":{"line":84,"column":57},"end":{"line":114,"column":1}},"line":84},"2":{"name":"(anonymous_2)","decl":{"start":{"line":117,"column":22},"end":{"line":117,"column":23}},"loc":{"start":{"line":117,"column":42},"end":{"line":150,"column":1}},"line":117},"3":{"name":"(anonymous_3)","decl":{"start":{"line":153,"column":32},"end":{"line":153,"column":33}},"loc":{"start":{"line":153,"column":52},"end":{"line":187,"column":1}},"line":153},"4":{"name":"(anonymous_4)","decl":{"start":{"line":190,"column":24},"end":{"line":190,"column":25}},"loc":{"start":{"line":190,"column":44},"end":{"line":231,"column":1}},"line":190},"5":{"name":"(anonymous_5)","decl":{"start":{"line":234,"column":29},"end":{"line":234,"column":30}},"loc":{"start":{"line":234,"column":49},"end":{"line":285,"column":1}},"line":234},"6":{"name":"(anonymous_6)","decl":{"start":{"line":288,"column":28},"end":{"line":288,"column":29}},"loc":{"start":{"line":288,"column":48},"end":{"line":339,"column":1}},"line":288},"7":{"name":"(anonymous_7)","decl":{"start":{"line":342,"column":29},"end":{"line":342,"column":30}},"loc":{"start":{"line":342,"column":49},"end":{"line":406,"column":1}},"line":342},"8":{"name":"(anonymous_8)","decl":{"start":{"line":358,"column":38},"end":{"line":358,"column":39}},"loc":{"start":{"line":358,"column":48},"end":{"line":358,"column":59}},"line":358},"9":{"name":"(anonymous_9)","decl":{"start":{"line":368,"column":43},"end":{"line":368,"column":44}},"loc":{"start":{"line":368,"column":55},"end":{"line":368,"column":86}},"line":368},"10":{"name":"(anonymous_10)","decl":{"start":{"line":378,"column":43},"end":{"line":378,"column":44}},"loc":{"start":{"line":378,"column":53},"end":{"line":378,"column":64}},"line":378},"11":{"name":"(anonymous_11)","decl":{"start":{"line":394,"column":43},"end":{"line":394,"column":44}},"loc":{"start":{"line":394,"column":48},"end":{"line":394,"column":54}},"line":394},"12":{"name":"(anonymous_12)","decl":{"start":{"line":409,"column":30},"end":{"line":409,"column":31}},"loc":{"start":{"line":409,"column":50},"end":{"line":421,"column":1}},"line":409}},"branchMap":{"0":{"loc":{"start":{"line":19,"column":4},"end":{"line":22,"column":5}},"type":"if","locations":[{"start":{"line":19,"column":4},"end":{"line":22,"column":5}},{"start":{},"end":{}}],"line":19},"1":{"loc":{"start":{"line":36,"column":4},"end":{"line":56,"column":5}},"type":"if","locations":[{"start":{"line":36,"column":4},"end":{"line":56,"column":5}},{"start":{"line":40,"column":11},"end":{"line":56,"column":5}}],"line":36},"2":{"loc":{"start":{"line":92,"column":4},"end":{"line":94,"column":5}},"type":"if","locations":[{"start":{"line":92,"column":4},"end":{"line":94,"column":5}},{"start":{},"end":{}}],"line":92},"3":{"loc":{"start":{"line":126,"column":4},"end":{"line":128,"column":5}},"type":"if","locations":[{"start":{"line":126,"column":4},"end":{"line":128,"column":5}},{"start":{},"end":{}}],"line":126},"4":{"loc":{"start":{"line":162,"column":4},"end":{"line":164,"column":5}},"type":"if","locations":[{"start":{"line":162,"column":4},"end":{"line":164,"column":5}},{"start":{},"end":{}}],"line":162},"5":{"loc":{"start":{"line":174,"column":4},"end":{"line":180,"column":5}},"type":"if","locations":[{"start":{"line":174,"column":4},"end":{"line":180,"column":5}},{"start":{"line":176,"column":11},"end":{"line":180,"column":5}}],"line":174},"6":{"loc":{"start":{"line":176,"column":11},"end":{"line":180,"column":5}},"type":"if","locations":[{"start":{"line":176,"column":11},"end":{"line":180,"column":5}},{"start":{"line":178,"column":11},"end":{"line":180,"column":5}}],"line":176},"7":{"loc":{"start":{"line":177,"column":66},"end":{"line":177,"column":91}},"type":"binary-expr","locations":[{"start":{"line":177,"column":66},"end":{"line":177,"column":85}},{"start":{"line":177,"column":89},"end":{"line":177,"column":91}}],"line":177},"8":{"loc":{"start":{"line":199,"column":4},"end":{"line":201,"column":5}},"type":"if","locations":[{"start":{"line":199,"column":4},"end":{"line":201,"column":5}},{"start":{},"end":{}}],"line":199},"9":{"loc":{"start":{"line":209,"column":41},"end":{"line":209,"column":62}},"type":"binary-expr","locations":[{"start":{"line":209,"column":41},"end":{"line":209,"column":52}},{"start":{"line":209,"column":56},"end":{"line":209,"column":62}}],"line":209},"10":{"loc":{"start":{"line":243,"column":4},"end":{"line":245,"column":5}},"type":"if","locations":[{"start":{"line":243,"column":4},"end":{"line":245,"column":5}},{"start":{},"end":{}}],"line":243},"11":{"loc":{"start":{"line":252,"column":4},"end":{"line":254,"column":5}},"type":"if","locations":[{"start":{"line":252,"column":4},"end":{"line":254,"column":5}},{"start":{},"end":{}}],"line":252},"12":{"loc":{"start":{"line":268,"column":4},"end":{"line":273,"column":5}},"type":"if","locations":[{"start":{"line":268,"column":4},"end":{"line":273,"column":5}},{"start":{},"end":{}}],"line":268},"13":{"loc":{"start":{"line":279,"column":15},"end":{"line":279,"column":72}},"type":"cond-expr","locations":[{"start":{"line":279,"column":33},"end":{"line":279,"column":55}},{"start":{"line":279,"column":58},"end":{"line":279,"column":72}}],"line":279},"14":{"loc":{"start":{"line":297,"column":4},"end":{"line":299,"column":5}},"type":"if","locations":[{"start":{"line":297,"column":4},"end":{"line":299,"column":5}},{"start":{},"end":{}}],"line":297},"15":{"loc":{"start":{"line":309,"column":4},"end":{"line":311,"column":5}},"type":"if","locations":[{"start":{"line":309,"column":4},"end":{"line":311,"column":5}},{"start":{},"end":{}}],"line":309},"16":{"loc":{"start":{"line":351,"column":4},"end":{"line":353,"column":5}},"type":"if","locations":[{"start":{"line":351,"column":4},"end":{"line":353,"column":5}},{"start":{},"end":{}}],"line":351},"17":{"loc":{"start":{"line":364,"column":4},"end":{"line":366,"column":5}},"type":"if","locations":[{"start":{"line":364,"column":4},"end":{"line":366,"column":5}},{"start":{},"end":{}}],"line":364}},"s":{"0":4,"1":4,"2":4,"3":4,"4":4,"5":3,"6":3,"7":3,"8":3,"9":3,"10":1,"11":1,"12":2,"13":2,"14":2,"15":2,"16":1,"17":1,"18":1,"19":1,"20":1,"21":1,"22":1,"23":1,"24":1,"25":2,"26":2,"27":2,"28":2,"29":2,"30":0,"31":0,"32":4,"33":2,"34":2,"35":2,"36":2,"37":1,"38":1,"39":1,"40":0,"41":0,"42":4,"43":3,"44":3,"45":3,"46":3,"47":1,"48":2,"49":2,"50":2,"51":2,"52":2,"53":0,"54":0,"55":4,"56":4,"57":4,"58":4,"59":4,"60":1,"61":3,"62":3,"63":3,"64":1,"65":2,"66":1,"67":1,"68":2,"69":0,"70":0,"71":4,"72":2,"73":2,"74":2,"75":2,"76":1,"77":1,"78":1,"79":1,"80":1,"81":1,"82":1,"83":0,"84":0,"85":4,"86":3,"87":3,"88":3,"89":3,"90":0,"91":3,"92":3,"93":3,"94":1,"95":2,"96":2,"97":2,"98":1,"99":2,"100":0,"101":0,"102":4,"103":2,"104":2,"105":2,"106":2,"107":0,"108":2,"109":2,"110":2,"111":1,"112":1,"113":1,"114":1,"115":1,"116":1,"117":0,"118":0,"119":4,"120":2,"121":2,"122":2,"123":2,"124":0,"125":2,"126":2,"127":2,"128":2,"129":2,"130":1,"131":1,"132":1,"133":1,"134":1,"135":1,"136":1,"137":1,"138":1,"139":1,"140":1,"141":1,"142":1,"143":0,"144":0,"145":4,"146":0,"147":0,"148":0,"149":0,"150":0,"151":4},"f":{"0":3,"1":2,"2":3,"3":4,"4":2,"5":3,"6":2,"7":2,"8":2,"9":1,"10":1,"11":1,"12":0},"b":{"0":[1,2],"1":[1,1],"2":[1,1],"3":[1,2],"4":[1,3],"5":[1,2],"6":[1,1],"7":[1,0],"8":[1,1],"9":[1,0],"10":[0,3],"11":[1,2],"12":[1,1],"13":[1,1],"14":[0,2],"15":[1,1],"16":[0,2],"17":[1,1]},"_coverageSchema":"1a1c01bbd47fc00a2c39e90264f33305004495a9","hash":"83f2c7f89b894ee3af9cd1ea3e0ab8a51d5ca7a1"}
,"/Users/alierdogan/denem_projeler/Cafe_odeme/src/routes/auth.js": {"path":"/Users/alierdogan/denem_projeler/Cafe_odeme/src/routes/auth.js","statementMap":{"0":{"start":{"line":1,"column":16},"end":{"line":1,"column":34}},"1":{"start":{"line":2,"column":15},"end":{"line":2,"column":31}},"2":{"start":{"line":3,"column":13},"end":{"line":3,"column":42}},"3":{"start":{"line":4,"column":12},"end":{"line":4,"column":35}},"4":{"start":{"line":5,"column":15},"end":{"line":5,"column":32}},"5":{"start":{"line":7,"column":19},"end":{"line":7,"column":72}},"6":{"start":{"line":10,"column":0},"end":{"line":61,"column":3}},"7":{"start":{"line":11,"column":18},"end":{"line":11,"column":26}},"8":{"start":{"line":13,"column":2},"end":{"line":15,"column":3}},"9":{"start":{"line":14,"column":4},"end":{"line":14,"column":73}},"10":{"start":{"line":17,"column":2},"end":{"line":60,"column":3}},"11":{"start":{"line":18,"column":19},"end":{"line":21,"column":5}},"12":{"start":{"line":23,"column":15},"end":{"line":23,"column":19}},"13":{"start":{"line":24,"column":4},"end":{"line":30,"column":5}},"14":{"start":{"line":25,"column":20},"end":{"line":25,"column":59}},"15":{"start":{"line":26,"column":6},"end":{"line":29,"column":7}},"16":{"start":{"line":27,"column":8},"end":{"line":27,"column":19}},"17":{"start":{"line":28,"column":8},"end":{"line":28,"column":14}},"18":{"start":{"line":32,"column":4},"end":{"line":34,"column":5}},"19":{"start":{"line":33,"column":6},"end":{"line":33,"column":59}},"20":{"start":{"line":36,"column":18},"end":{"line":44,"column":5}},"21":{"start":{"line":47,"column":4},"end":{"line":47,"column":85}},"22":{"start":{"line":49,"column":4},"end":{"line":56,"column":7}},"23":{"start":{"line":58,"column":4},"end":{"line":58,"column":44}},"24":{"start":{"line":59,"column":4},"end":{"line":59,"column":55}},"25":{"start":{"line":64,"column":0},"end":{"line":86,"column":3}},"26":{"start":{"line":65,"column":21},"end":{"line":65,"column":46}},"27":{"start":{"line":66,"column":2},"end":{"line":66,"column":76}},"28":{"start":{"line":66,"column":19},"end":{"line":66,"column":76}},"29":{"start":{"line":68,"column":16},"end":{"line":68,"column":49}},"30":{"start":{"line":70,"column":2},"end":{"line":85,"column":3}},"31":{"start":{"line":71,"column":20},"end":{"line":71,"column":49}},"32":{"start":{"line":73,"column":19},"end":{"line":76,"column":5}},"33":{"start":{"line":78,"column":4},"end":{"line":80,"column":5}},"34":{"start":{"line":79,"column":6},"end":{"line":79,"column":63}},"35":{"start":{"line":82,"column":4},"end":{"line":82,"column":39}},"36":{"start":{"line":84,"column":4},"end":{"line":84,"column":53}},"37":{"start":{"line":90,"column":21},"end":{"line":90,"column":46}},"38":{"start":{"line":91,"column":2},"end":{"line":91,"column":74}},"39":{"start":{"line":91,"column":19},"end":{"line":91,"column":74}},"40":{"start":{"line":93,"column":16},"end":{"line":93,"column":49}},"41":{"start":{"line":95,"column":2},"end":{"line":101,"column":3}},"42":{"start":{"line":96,"column":20},"end":{"line":96,"column":49}},"43":{"start":{"line":97,"column":4},"end":{"line":97,"column":23}},"44":{"start":{"line":98,"column":4},"end":{"line":98,"column":11}},"45":{"start":{"line":100,"column":4},"end":{"line":100,"column":53}},"46":{"start":{"line":105,"column":2},"end":{"line":110,"column":4}},"47":{"start":{"line":106,"column":4},"end":{"line":108,"column":5}},"48":{"start":{"line":107,"column":6},"end":{"line":107,"column":75}},"49":{"start":{"line":109,"column":4},"end":{"line":109,"column":11}},"50":{"start":{"line":116,"column":20},"end":{"line":116,"column":59}},"51":{"start":{"line":117,"column":2},"end":{"line":117,"column":72}},"52":{"start":{"line":120,"column":0},"end":{"line":120,"column":81}}},"fnMap":{"0":{"name":"(anonymous_0)","decl":{"start":{"line":10,"column":27},"end":{"line":10,"column":28}},"loc":{"start":{"line":10,"column":47},"end":{"line":61,"column":1}},"line":10},"1":{"name":"(anonymous_1)","decl":{"start":{"line":64,"column":23},"end":{"line":64,"column":24}},"loc":{"start":{"line":64,"column":43},"end":{"line":86,"column":1}},"line":64},"2":{"name":"requireAuth","decl":{"start":{"line":89,"column":9},"end":{"line":89,"column":20}},"loc":{"start":{"line":89,"column":37},"end":{"line":102,"column":1}},"line":89},"3":{"name":"requireRole","decl":{"start":{"line":104,"column":9},"end":{"line":104,"column":20}},"loc":{"start":{"line":104,"column":31},"end":{"line":111,"column":1}},"line":104},"4":{"name":"(anonymous_4)","decl":{"start":{"line":105,"column":9},"end":{"line":105,"column":10}},"loc":{"start":{"line":105,"column":29},"end":{"line":110,"column":3}},"line":105},"5":{"name":"hasPermission","decl":{"start":{"line":115,"column":9},"end":{"line":115,"column":22}},"loc":{"start":{"line":115,"column":47},"end":{"line":118,"column":1}},"line":115}},"branchMap":{"0":{"loc":{"start":{"line":7,"column":19},"end":{"line":7,"column":72}},"type":"binary-expr","locations":[{"start":{"line":7,"column":19},"end":{"line":7,"column":41}},{"start":{"line":7,"column":45},"end":{"line":7,"column":72}}],"line":7},"1":{"loc":{"start":{"line":13,"column":2},"end":{"line":15,"column":3}},"type":"if","locations":[{"start":{"line":13,"column":2},"end":{"line":15,"column":3}},{"start":{},"end":{}}],"line":13},"2":{"loc":{"start":{"line":13,"column":6},"end":{"line":13,"column":52}},"type":"binary-expr","locations":[{"start":{"line":13,"column":6},"end":{"line":13,"column":10}},{"start":{"line":13,"column":14},"end":{"line":13,"column":30}},{"start":{"line":13,"column":34},"end":{"line":13,"column":52}}],"line":13},"3":{"loc":{"start":{"line":26,"column":6},"end":{"line":29,"column":7}},"type":"if","locations":[{"start":{"line":26,"column":6},"end":{"line":29,"column":7}},{"start":{},"end":{}}],"line":26},"4":{"loc":{"start":{"line":32,"column":4},"end":{"line":34,"column":5}},"type":"if","locations":[{"start":{"line":32,"column":4},"end":{"line":34,"column":5}},{"start":{},"end":{}}],"line":32},"5":{"loc":{"start":{"line":66,"column":2},"end":{"line":66,"column":76}},"type":"if","locations":[{"start":{"line":66,"column":2},"end":{"line":66,"column":76}},{"start":{},"end":{}}],"line":66},"6":{"loc":{"start":{"line":78,"column":4},"end":{"line":80,"column":5}},"type":"if","locations":[{"start":{"line":78,"column":4},"end":{"line":80,"column":5}},{"start":{},"end":{}}],"line":78},"7":{"loc":{"start":{"line":91,"column":2},"end":{"line":91,"column":74}},"type":"if","locations":[{"start":{"line":91,"column":2},"end":{"line":91,"column":74}},{"start":{},"end":{}}],"line":91},"8":{"loc":{"start":{"line":106,"column":4},"end":{"line":108,"column":5}},"type":"if","locations":[{"start":{"line":106,"column":4},"end":{"line":108,"column":5}},{"start":{},"end":{}}],"line":106},"9":{"loc":{"start":{"line":106,"column":8},"end":{"line":106,"column":51}},"type":"binary-expr","locations":[{"start":{"line":106,"column":8},"end":{"line":106,"column":17}},{"start":{"line":106,"column":21},"end":{"line":106,"column":51}}],"line":106},"10":{"loc":{"start":{"line":117,"column":10},"end":{"line":117,"column":34}},"type":"binary-expr","locations":[{"start":{"line":117,"column":10},"end":{"line":117,"column":29}},{"start":{"line":117,"column":33},"end":{"line":117,"column":34}}],"line":117},"11":{"loc":{"start":{"line":117,"column":40},"end":{"line":117,"column":70}},"type":"binary-expr","locations":[{"start":{"line":117,"column":40},"end":{"line":117,"column":63}},{"start":{"line":117,"column":67},"end":{"line":117,"column":70}}],"line":117}},"s":{"0":3,"1":3,"2":3,"3":3,"4":3,"5":3,"6":3,"7":5,"8":5,"9":2,"10":3,"11":3,"12":3,"13":3,"14":4,"15":4,"16":2,"17":2,"18":3,"19":1,"20":2,"21":2,"22":2,"23":0,"24":0,"25":3,"26":4,"27":4,"28":1,"29":3,"30":3,"31":3,"32":2,"33":2,"34":1,"35":1,"36":1,"37":13,"38":13,"39":1,"40":12,"41":12,"42":12,"43":12,"44":12,"45":0,"46":19,"47":12,"48":2,"49":10,"50":21,"51":21,"52":3},"f":{"0":5,"1":4,"2":13,"3":19,"4":12,"5":21},"b":{"0":[3,3],"1":[2,3],"2":[5,5,3],"3":[2,2],"4":[1,2],"5":[1,3],"6":[1,1],"7":[1,12],"8":[2,10],"9":[12,12],"10":[21,2],"11":[21,2]},"_coverageSchema":"1a1c01bbd47fc00a2c39e90264f33305004495a9","hash":"d14e0829d7e09534986fbb1e199c523875f87155"}
}
