TN:
SF:src/algorithms/splitAlgorithms.js
FN:11,calculateEqualSplit
FN:16,(anonymous_1)
FN:22,(anonymous_2)
FN:26,(anonymous_3)
FN:29,(anonymous_4)
FN:33,(anonymous_5)
FN:34,(anonymous_6)
FN:35,(anonymous_7)
FN:40,(anonymous_8)
FN:54,calculateItemBased
FN:56,(anonymous_10)
FN:58,(anonymous_11)
FN:61,(anonymous_12)
FN:62,(anonymous_13)
FN:67,(anonymous_14)
FN:73,(anonymous_15)
FNF:16
FNH:15
FNDA:7,calculateEqualSplit
FNDA:11,(anonymous_1)
FNDA:13,(anonymous_2)
FNDA:0,(anonymous_3)
FNDA:11,(anonymous_4)
FNDA:16,(anonymous_5)
FNDA:27,(anonymous_6)
FNDA:27,(anonymous_7)
FNDA:27,(anonymous_8)
FNDA:7,calculateItemBased
FNDA:16,(anonymous_10)
FNDA:10,(anonymous_11)
FNDA:13,(anonymous_12)
FNDA:2,(anonymous_13)
FNDA:14,(anonymous_14)
FNDA:16,(anonymous_15)
DA:12,7
DA:15,6
DA:16,6
DA:17,11
DA:21,6
DA:22,13
DA:25,6
DA:26,0
DA:29,11
DA:30,6
DA:31,6
DA:33,6
DA:34,27
DA:35,27
DA:36,16
DA:40,27
DA:44,6
DA:55,7
DA:56,16
DA:58,7
DA:59,10
DA:60,10
DA:61,13
DA:62,2
DA:64,10
DA:66,10
DA:67,10
DA:68,14
DA:69,14
DA:73,16
DA:75,7
DA:78,5
LF:32
LH:31
BRDA:12,0,0,1
BRDA:12,0,1,6
BRDA:17,1,0,11
BRDA:17,1,1,0
BRDA:21,2,0,5
BRDA:21,2,1,1
BRDA:25,3,0,0
BRDA:25,3,1,6
BRDA:39,4,0,14
BRDA:39,4,1,2
BRDA:39,5,0,6
BRDA:39,5,1,8
BRDA:40,6,0,14
BRDA:40,6,1,2
BRDA:60,7,0,9
BRDA:60,7,1,1
BRDA:60,8,0,10
BRDA:60,8,1,9
BRDA:64,9,0,0
BRDA:64,9,1,10
BRF:20
BRH:17
end_of_record
TN:
SF:src/routes/admin.js
FN:14,(anonymous_0)
FN:20,(anonymous_1)
FN:33,(anonymous_2)
FN:69,(anonymous_3)
FN:85,(anonymous_4)
FN:97,(anonymous_5)
FN:114,(anonymous_6)
FN:185,(anonymous_7)
FN:292,(anonymous_8)
FN:307,(anonymous_9)
FN:334,(anonymous_10)
FN:381,(anonymous_11)
FN:401,(anonymous_12)
FN:423,(anonymous_13)
FN:444,(anonymous_14)
FN:462,(anonymous_15)
FN:486,(anonymous_16)
FN:539,(anonymous_17)
FN:583,(anonymous_18)
FN:604,(anonymous_19)
FN:622,(anonymous_20)
FNF:21
FNH:5
FNDA:0,(anonymous_0)
FNDA:1,(anonymous_1)
FNDA:4,(anonymous_2)
FNDA:2,(anonymous_3)
FNDA:1,(anonymous_4)
FNDA:2,(anonymous_5)
FNDA:0,(anonymous_6)
FNDA:0,(anonymous_7)
FNDA:0,(anonymous_8)
FNDA:0,(anonymous_9)
FNDA:0,(anonymous_10)
FNDA:0,(anonymous_11)
FNDA:0,(anonymous_12)
FNDA:0,(anonymous_13)
FNDA:0,(anonymous_14)
FNDA:0,(anonymous_15)
FNDA:0,(anonymous_16)
FNDA:0,(anonymous_17)
FNDA:0,(anonymous_18)
FNDA:0,(anonymous_19)
FNDA:0,(anonymous_20)
DA:1,1
DA:2,1
DA:3,1
DA:4,1
DA:5,1
DA:8,1
DA:9,1
DA:10,1
DA:11,1
DA:12,1
DA:13,1
DA:14,1
DA:15,0
DA:16,0
DA:20,1
DA:21,1
DA:22,1
DA:26,1
DA:28,0
DA:33,1
DA:34,4
DA:36,4
DA:37,1
DA:40,3
DA:41,1
DA:44,2
DA:45,1
DA:48,1
DA:49,1
DA:51,1
DA:57,1
DA:62,1
DA:64,0
DA:69,1
DA:70,2
DA:72,2
DA:73,1
DA:76,1
DA:77,1
DA:78,1
DA:80,0
DA:85,1
DA:86,1
DA:88,1
DA:89,1
DA:90,1
DA:92,0
DA:97,1
DA:98,2
DA:100,2
DA:101,1
DA:104,1
DA:105,1
DA:106,1
DA:107,1
DA:109,0
DA:114,1
DA:115,0
DA:116,0
DA:118,0
DA:171,0
DA:179,0
DA:180,0
DA:185,1
DA:186,0
DA:188,0
DA:190,0
DA:192,0
DA:193,0
DA:194,0
DA:195,0
DA:196,0
DA:197,0
DA:198,0
DA:199,0
DA:202,0
DA:273,0
DA:282,0
DA:283,0
DA:292,1
DA:293,0
DA:294,0
DA:299,0
DA:301,0
DA:302,0
DA:307,1
DA:308,0
DA:310,0
DA:311,0
DA:314,0
DA:315,0
DA:321,0
DA:326,0
DA:328,0
DA:329,0
DA:334,1
DA:335,0
DA:336,0
DA:338,0
DA:339,0
DA:340,0
DA:341,0
DA:343,0
DA:344,0
DA:345,0
DA:347,0
DA:348,0
DA:349,0
DA:351,0
DA:352,0
DA:353,0
DA:355,0
DA:356,0
DA:357,0
DA:360,0
DA:361,0
DA:364,0
DA:365,0
DA:368,0
DA:373,0
DA:375,0
DA:376,0
DA:381,1
DA:382,0
DA:384,0
DA:385,0
DA:388,0
DA:393,0
DA:395,0
DA:396,0
DA:401,1
DA:402,0
DA:403,0
DA:411,0
DA:413,0
DA:414,0
DA:423,1
DA:424,0
DA:426,0
DA:427,0
DA:430,0
DA:431,0
DA:436,0
DA:438,0
DA:439,0
DA:444,1
DA:445,0
DA:446,0
DA:448,0
DA:449,0
DA:454,0
DA:456,0
DA:457,0
DA:462,1
DA:463,0
DA:465,0
DA:467,0
DA:472,0
DA:473,0
DA:476,0
DA:478,0
DA:480,0
DA:481,0
DA:486,1
DA:487,0
DA:489,0
DA:496,0
DA:515,0
DA:527,0
DA:533,0
DA:534,0
DA:539,1
DA:540,0
DA:541,0
DA:543,0
DA:545,0
DA:546,0
DA:548,0
DA:549,0
DA:554,0
DA:560,0
DA:566,0
DA:567,0
DA:568,0
DA:575,0
DA:577,0
DA:578,0
DA:583,1
DA:584,0
DA:585,0
DA:596,0
DA:598,0
DA:599,0
DA:604,1
DA:605,0
DA:606,0
DA:608,0
DA:609,0
DA:612,0
DA:613,0
DA:614,0
DA:616,0
DA:617,0
DA:622,1
DA:623,0
DA:624,0
DA:625,0
DA:627,0
DA:628,0
DA:629,0
DA:630,0
DA:633,0
DA:634,0
DA:637,0
DA:643,0
DA:644,0
DA:650,0
DA:655,0
DA:657,0
DA:658,0
DA:662,1
LF:221
LH:65
BRDA:15,0,0,0
BRDA:15,0,1,0
BRDA:36,1,0,1
BRDA:36,1,1,3
BRDA:36,2,0,4
BRDA:36,2,1,4
BRDA:36,2,2,3
BRDA:40,3,0,1
BRDA:40,3,1,2
BRDA:44,4,0,1
BRDA:44,4,1,1
BRDA:72,5,0,1
BRDA:72,5,1,1
BRDA:100,6,0,1
BRDA:100,6,1,1
BRDA:186,7,0,0
BRDA:192,8,0,0
BRDA:192,8,1,0
BRDA:194,9,0,0
BRDA:194,9,1,0
BRDA:197,10,0,0
BRDA:197,10,1,0
BRDA:310,11,0,0
BRDA:310,11,1,0
BRDA:310,12,0,0
BRDA:310,12,1,0
BRDA:310,12,2,0
BRDA:343,13,0,0
BRDA:343,13,1,0
BRDA:347,14,0,0
BRDA:347,14,1,0
BRDA:351,15,0,0
BRDA:351,15,1,0
BRDA:355,16,0,0
BRDA:355,16,1,0
BRDA:360,17,0,0
BRDA:360,17,1,0
BRDA:426,18,0,0
BRDA:426,18,1,0
BRDA:426,19,0,0
BRDA:426,19,1,0
BRDA:472,20,0,0
BRDA:472,20,1,0
BRDA:548,21,0,0
BRDA:548,21,1,0
BRDA:567,22,0,0
BRDA:567,22,1,0
BRDA:567,23,0,0
BRDA:567,23,1,0
BRDA:608,24,0,0
BRDA:608,24,1,0
BRDA:629,25,0,0
BRDA:629,25,1,0
BRDA:633,26,0,0
BRDA:633,26,1,0
BRDA:639,27,0,0
BRDA:639,27,1,0
BRF:57
BRH:13
end_of_record
TN:
SF:src/routes/api.js
FN:8,(anonymous_0)
FN:84,(anonymous_1)
FN:117,(anonymous_2)
FN:153,(anonymous_3)
FN:190,(anonymous_4)
FN:234,(anonymous_5)
FN:288,(anonymous_6)
FN:342,(anonymous_7)
FN:358,(anonymous_8)
FN:368,(anonymous_9)
FN:378,(anonymous_10)
FN:394,(anonymous_11)
FN:409,(anonymous_12)
FNF:13
FNH:12
FNDA:3,(anonymous_0)
FNDA:2,(anonymous_1)
FNDA:3,(anonymous_2)
FNDA:4,(anonymous_3)
FNDA:2,(anonymous_4)
FNDA:3,(anonymous_5)
FNDA:2,(anonymous_6)
FNDA:2,(anonymous_7)
FNDA:2,(anonymous_8)
FNDA:1,(anonymous_9)
FNDA:1,(anonymous_10)
FNDA:1,(anonymous_11)
FNDA:0,(anonymous_12)
DA:1,4
DA:2,4
DA:3,4
DA:4,4
DA:8,4
DA:9,3
DA:11,3
DA:13,3
DA:15,3
DA:19,3
DA:20,1
DA:21,1
DA:24,2
DA:25,2
DA:28,2
DA:36,2
DA:37,1
DA:38,1
DA:39,1
DA:42,1
DA:46,1
DA:49,1
DA:53,1
DA:54,1
DA:55,1
DA:59,2
DA:62,2
DA:64,2
DA:70,2
DA:72,2
DA:78,0
DA:79,0
DA:84,4
DA:85,2
DA:87,2
DA:88,2
DA:92,2
DA:93,1
DA:96,1
DA:103,1
DA:111,0
DA:112,0
DA:117,4
DA:118,3
DA:120,3
DA:121,3
DA:126,3
DA:127,1
DA:130,2
DA:131,2
DA:133,2
DA:140,2
DA:145,2
DA:147,0
DA:148,0
DA:153,4
DA:154,4
DA:156,4
DA:157,4
DA:162,4
DA:163,1
DA:166,3
DA:168,3
DA:174,3
DA:175,1
DA:176,2
DA:177,1
DA:179,1
DA:182,2
DA:184,0
DA:185,0
DA:190,4
DA:191,2
DA:193,2
DA:194,2
DA:199,2
DA:200,1
DA:203,1
DA:206,1
DA:213,1
DA:219,1
DA:220,1
DA:222,1
DA:228,0
DA:229,0
DA:234,4
DA:235,3
DA:237,3
DA:238,3
DA:243,3
DA:244,0
DA:247,3
DA:248,3
DA:252,3
DA:253,1
DA:257,2
DA:264,2
DA:268,2
DA:269,1
DA:275,2
DA:282,0
DA:283,0
DA:288,4
DA:289,2
DA:291,2
DA:292,2
DA:297,2
DA:298,0
DA:301,2
DA:304,2
DA:309,2
DA:310,1
DA:314,1
DA:321,1
DA:326,1
DA:327,1
DA:329,1
DA:336,0
DA:337,0
DA:342,4
DA:343,2
DA:345,2
DA:346,2
DA:351,2
DA:352,0
DA:355,2
DA:358,2
DA:359,2
DA:364,2
DA:365,1
DA:368,1
DA:371,1
DA:378,1
DA:379,1
DA:385,1
DA:390,1
DA:391,1
DA:394,1
DA:396,1
DA:403,0
DA:404,0
DA:409,4
DA:410,0
DA:412,0
DA:413,0
DA:417,0
DA:419,0
DA:423,4
LF:148
LH:124
BRDA:19,0,0,1
BRDA:19,0,1,2
BRDA:36,1,0,1
BRDA:36,1,1,1
BRDA:92,2,0,1
BRDA:92,2,1,1
BRDA:126,3,0,1
BRDA:126,3,1,2
BRDA:162,4,0,1
BRDA:162,4,1,3
BRDA:174,5,0,1
BRDA:174,5,1,2
BRDA:176,6,0,1
BRDA:176,6,1,1
BRDA:177,7,0,1
BRDA:177,7,1,0
BRDA:199,8,0,1
BRDA:199,8,1,1
BRDA:209,9,0,1
BRDA:209,9,1,0
BRDA:243,10,0,0
BRDA:243,10,1,3
BRDA:252,11,0,1
BRDA:252,11,1,2
BRDA:268,12,0,1
BRDA:268,12,1,1
BRDA:279,13,0,1
BRDA:279,13,1,1
BRDA:297,14,0,0
BRDA:297,14,1,2
BRDA:309,15,0,1
BRDA:309,15,1,1
BRDA:351,16,0,0
BRDA:351,16,1,2
BRDA:364,17,0,1
BRDA:364,17,1,1
BRF:36
BRH:31
end_of_record
TN:
SF:src/routes/auth.js
FN:10,(anonymous_0)
FN:64,(anonymous_1)
FN:89,requireAuth
FN:104,requireRole
FN:105,(anonymous_4)
FN:115,hasPermission
FNF:6
FNH:6
FNDA:5,(anonymous_0)
FNDA:4,(anonymous_1)
FNDA:13,requireAuth
FNDA:19,requireRole
FNDA:12,(anonymous_4)
FNDA:21,hasPermission
DA:1,3
DA:2,3
DA:3,3
DA:4,3
DA:5,3
DA:7,3
DA:10,3
DA:11,5
DA:13,5
DA:14,2
DA:17,3
DA:18,3
DA:23,3
DA:24,3
DA:25,4
DA:26,4
DA:27,2
DA:28,2
DA:32,3
DA:33,1
DA:36,2
DA:47,2
DA:49,2
DA:58,0
DA:59,0
DA:64,3
DA:65,4
DA:66,4
DA:68,3
DA:70,3
DA:71,3
DA:73,2
DA:78,2
DA:79,1
DA:82,1
DA:84,1
DA:90,13
DA:91,13
DA:93,12
DA:95,12
DA:96,12
DA:97,12
DA:98,12
DA:100,0
DA:105,19
DA:106,12
DA:107,2
DA:109,10
DA:116,21
DA:117,21
DA:120,3
LF:51
LH:48
BRDA:7,0,0,3
BRDA:7,0,1,3
BRDA:13,1,0,2
BRDA:13,1,1,3
BRDA:13,2,0,5
BRDA:13,2,1,5
BRDA:13,2,2,3
BRDA:26,3,0,2
BRDA:26,3,1,2
BRDA:32,4,0,1
BRDA:32,4,1,2
BRDA:66,5,0,1
BRDA:66,5,1,3
BRDA:78,6,0,1
BRDA:78,6,1,1
BRDA:91,7,0,1
BRDA:91,7,1,12
BRDA:106,8,0,2
BRDA:106,8,1,10
BRDA:106,9,0,12
BRDA:106,9,1,12
BRDA:117,10,0,21
BRDA:117,10,1,2
BRDA:117,11,0,21
BRDA:117,11,1,2
BRF:25
BRH:25
end_of_record
